TN:
SF:app.js
FN:11,(anonymous_0)
FN:15,(anonymous_1)
FN:24,(anonymous_2)
FN:34,(anonymous_3)
FN:43,(anonymous_4)
FNF:5
FNH:4
FNDA:0,(anonymous_0)
FNDA:1,(anonymous_1)
FNDA:1,(anonymous_2)
FNDA:1,(anonymous_3)
FNDA:1,(anonymous_4)
DA:1,1
DA:2,1
DA:3,1
DA:5,1
DA:7,1
DA:8,1
DA:11,1
DA:12,0
DA:15,1
DA:16,1
DA:17,1
DA:18,1
DA:20,0
DA:24,1
DA:25,1
DA:26,1
DA:27,1
DA:28,1
DA:30,0
DA:34,1
DA:35,1
DA:36,1
DA:37,1
DA:39,0
DA:43,1
DA:44,1
DA:45,1
DA:46,1
DA:48,0
DA:52,1
LF:30
LH:25
BRF:0
BRH:0
end_of_record
TN:
SF:controllers\bookController.js
FN:3,(anonymous_0)
FNF:1
FNH:1
FNDA:1,(anonymous_0)
DA:1,1
DA:3,1
DA:4,1
DA:5,1
DA:6,1
DA:8,0
DA:12,1
LF:7
LH:6
BRF:0
BRH:0
end_of_record
TN:
SF:models\book.js
FNF:0
FNH:0
DA:1,3
DA:3,3
DA:10,3
LF:3
LH:3
BRF:0
BRH:0
end_of_record
